<?xml version="1.0" encoding="UTF-8"?>
<testsuite name="com.jojoldu.book.springboot.web.HelloControllerTest" tests="2" skipped="0" failures="0" errors="0" timestamp="2022-06-12T05:38:05" hostname="LAPTOP-1H6G6KI2" time="0.164">
  <properties/>
  <testcase name="hello가_리턴된다" classname="com.jojoldu.book.springboot.web.HelloControllerTest" time="0.074"/>
  <testcase name="helloDto가_리턴된다" classname="com.jojoldu.book.springboot.web.HelloControllerTest" time="0.089"/>
  <system-out><![CDATA[2022-06-12 14:38:04.907  INFO 39688 --- [    Test worker] .b.t.a.w.s.WebMvcTestContextBootstrapper : Neither @ContextConfiguration nor @ContextHierarchy found for test class [com.jojoldu.book.springboot.web.HelloControllerTest], using SpringBootContextLoader
2022-06-12 14:38:04.908  INFO 39688 --- [    Test worker] o.s.t.c.support.AbstractContextLoader    : Could not detect default resource locations for test class [com.jojoldu.book.springboot.web.HelloControllerTest]: no resource found for suffixes {-context.xml, Context.groovy}.
2022-06-12 14:38:04.908  INFO 39688 --- [    Test worker] t.c.s.AnnotationConfigContextLoaderUtils : Could not detect default configuration classes for test class [com.jojoldu.book.springboot.web.HelloControllerTest]: HelloControllerTest does not declare any static, non-private, non-final, nested classes annotated with @Configuration.
2022-06-12 14:38:04.937  INFO 39688 --- [    Test worker] .b.t.c.SpringBootTestContextBootstrapper : Found @SpringBootConfiguration com.jojoldu.book.springboot.Application for test class com.jojoldu.book.springboot.web.HelloControllerTest
2022-06-12 14:38:04.937  INFO 39688 --- [    Test worker] .b.t.a.w.s.WebMvcTestContextBootstrapper : Loaded default TestExecutionListener class names from location [META-INF/spring.factories]: [org.springframework.security.test.context.support.WithSecurityContextTestExecutionListener, org.springframework.security.test.context.support.ReactorContextTestExecutionListener, org.springframework.boot.test.autoconfigure.restdocs.RestDocsTestExecutionListener, org.springframework.boot.test.autoconfigure.web.client.MockRestServiceServerResetTestExecutionListener, org.springframework.boot.test.autoconfigure.web.servlet.MockMvcPrintOnlyOnFailureTestExecutionListener, org.springframework.boot.test.autoconfigure.web.servlet.WebDriverTestExecutionListener, org.springframework.boot.test.mock.mockito.MockitoTestExecutionListener, org.springframework.boot.test.mock.mockito.ResetMocksTestExecutionListener, org.springframework.test.context.web.ServletTestExecutionListener, org.springframework.test.context.support.DirtiesContextBeforeModesTestExecutionListener, org.springframework.test.context.support.DependencyInjectionTestExecutionListener, org.springframework.test.context.support.DirtiesContextTestExecutionListener, org.springframework.test.context.transaction.TransactionalTestExecutionListener, org.springframework.test.context.jdbc.SqlScriptsTestExecutionListener]
2022-06-12 14:38:04.938  INFO 39688 --- [    Test worker] .b.t.a.w.s.WebMvcTestContextBootstrapper : Using TestExecutionListeners: [org.springframework.test.context.web.ServletTestExecutionListener@5c883a19, org.springframework.test.context.support.DirtiesContextBeforeModesTestExecutionListener@1ec79906, org.springframework.boot.test.mock.mockito.MockitoTestExecutionListener@1520ea1d, org.springframework.boot.test.autoconfigure.SpringBootDependencyInjectionTestExecutionListener@1e9a7952, org.springframework.test.context.support.DirtiesContextTestExecutionListener@3dfc06a, org.springframework.test.context.transaction.TransactionalTestExecutionListener@21f276be, org.springframework.test.context.jdbc.SqlScriptsTestExecutionListener@3390109f, org.springframework.security.test.context.support.WithSecurityContextTestExecutionListener@7e8dbf56, org.springframework.security.test.context.support.ReactorContextTestExecutionListener@32cec7d, org.springframework.boot.test.autoconfigure.restdocs.RestDocsTestExecutionListener@31593d20, org.springframework.boot.test.autoconfigure.web.client.MockRestServiceServerResetTestExecutionListener@27ed77c, org.springframework.boot.test.autoconfigure.web.servlet.MockMvcPrintOnlyOnFailureTestExecutionListener@119abf6a, org.springframework.boot.test.autoconfigure.web.servlet.WebDriverTestExecutionListener@7531f620, org.springframework.boot.test.mock.mockito.ResetMocksTestExecutionListener@df9659b]

  .   ____          _            __ _ _
 /\\ / ___'_ __ _ _(_)_ __  __ _ \ \ \ \
( ( )\___ | '_ | '_| | '_ \/ _` | \ \ \ \
 \\/  ___)| |_)| | | | | || (_| |  ) ) ) )
  '  |____| .__|_| |_|_| |_\__, | / / / /
 =========|_|==============|___/=/_/_/_/
 :: Spring Boot ::        (v2.1.9.RELEASE)

2022-06-12 14:38:04.979  INFO 39688 --- [    Test worker] c.j.b.s.web.HelloControllerTest          : Starting HelloControllerTest on LAPTOP-1H6G6KI2 with PID 39688 (started by yh in C:\Users\yh\workspace\freelec-springboot2-webservice)
2022-06-12 14:38:04.980  INFO 39688 --- [    Test worker] c.j.b.s.web.HelloControllerTest          : No active profile set, falling back to default profiles: default
2022-06-12 14:38:05.454  INFO 39688 --- [    Test worker] o.s.s.concurrent.ThreadPoolTaskExecutor  : Initializing ExecutorService 'applicationTaskExecutor'
2022-06-12 14:38:05.490  INFO 39688 --- [    Test worker] o.s.b.a.w.s.WelcomePageHandlerMapping    : Adding welcome page template: index
2022-06-12 14:38:05.707  INFO 39688 --- [    Test worker] .s.s.UserDetailsServiceAutoConfiguration : 

Using generated security password: d64a0d39-e9fb-46e0-ad0c-592a6d1d7cac

2022-06-12 14:38:05.844  INFO 39688 --- [    Test worker] o.s.s.web.DefaultSecurityFilterChain     : Creating filter chain: any request, [org.springframework.security.web.context.request.async.WebAsyncManagerIntegrationFilter@130f28d6, org.springframework.security.web.context.SecurityContextPersistenceFilter@7c5de04d, org.springframework.security.web.header.HeaderWriterFilter@3b607fcc, org.springframework.security.web.csrf.CsrfFilter@2cfe0396, org.springframework.security.web.authentication.logout.LogoutFilter@4ec09de1, org.springframework.security.web.authentication.UsernamePasswordAuthenticationFilter@4ffa2891, org.springframework.security.web.authentication.ui.DefaultLoginPageGeneratingFilter@1b1a2af6, org.springframework.security.web.authentication.ui.DefaultLogoutPageGeneratingFilter@65ca2e85, org.springframework.security.web.authentication.www.BasicAuthenticationFilter@7c16fbb7, org.springframework.security.web.savedrequest.RequestCacheAwareFilter@3538bfb5, org.springframework.security.web.servletapi.SecurityContextHolderAwareRequestFilter@d1e28c1, org.springframework.security.web.authentication.AnonymousAuthenticationFilter@2ecaaac8, org.springframework.security.web.session.SessionManagementFilter@67de3985, org.springframework.security.web.access.ExceptionTranslationFilter@2d8c941f, org.springframework.security.web.access.intercept.FilterSecurityInterceptor@647a79ff]
2022-06-12 14:38:05.884  INFO 39688 --- [    Test worker] o.s.b.t.m.w.SpringBootMockServletContext : Initializing Spring TestDispatcherServlet ''
2022-06-12 14:38:05.885  INFO 39688 --- [    Test worker] o.s.t.web.servlet.TestDispatcherServlet  : Initializing Servlet ''
2022-06-12 14:38:05.908  INFO 39688 --- [    Test worker] o.s.t.web.servlet.TestDispatcherServlet  : Completed initialization in 23 ms
2022-06-12 14:38:05.937  INFO 39688 --- [    Test worker] c.j.b.s.web.HelloControllerTest          : Started HelloControllerTest in 0.996 seconds (JVM running for 10.268)
]]></system-out>
  <system-err><![CDATA[]]></system-err>
</testsuite>
