<?xml version="1.0" encoding="UTF-8"?>
<testsuite name="com.jojoldu.book.springboot.web.ProfileControllerTest" tests="1" skipped="0" failures="0" errors="0" timestamp="2022-06-12T05:38:08" hostname="LAPTOP-1H6G6KI2" time="0.015">
  <properties/>
  <testcase name="profile은_인증없이_호출된다" classname="com.jojoldu.book.springboot.web.ProfileControllerTest" time="0.015"/>
  <system-out><![CDATA[2022-06-12 14:38:08.786  INFO 39688 --- [    Test worker] .b.t.c.SpringBootTestContextBootstrapper : Neither @ContextConfiguration nor @ContextHierarchy found for test class [com.jojoldu.book.springboot.web.ProfileControllerTest], using SpringBootContextLoader
2022-06-12 14:38:08.787  INFO 39688 --- [    Test worker] o.s.t.c.support.AbstractContextLoader    : Could not detect default resource locations for test class [com.jojoldu.book.springboot.web.ProfileControllerTest]: no resource found for suffixes {-context.xml, Context.groovy}.
2022-06-12 14:38:08.787  INFO 39688 --- [    Test worker] t.c.s.AnnotationConfigContextLoaderUtils : Could not detect default configuration classes for test class [com.jojoldu.book.springboot.web.ProfileControllerTest]: ProfileControllerTest does not declare any static, non-private, non-final, nested classes annotated with @Configuration.
2022-06-12 14:38:08.789  INFO 39688 --- [    Test worker] .b.t.c.SpringBootTestContextBootstrapper : Found @SpringBootConfiguration com.jojoldu.book.springboot.Application for test class com.jojoldu.book.springboot.web.ProfileControllerTest
2022-06-12 14:38:08.791  INFO 39688 --- [    Test worker] .b.t.c.SpringBootTestContextBootstrapper : Loaded default TestExecutionListener class names from location [META-INF/spring.factories]: [org.springframework.security.test.context.support.WithSecurityContextTestExecutionListener, org.springframework.security.test.context.support.ReactorContextTestExecutionListener, org.springframework.boot.test.autoconfigure.restdocs.RestDocsTestExecutionListener, org.springframework.boot.test.autoconfigure.web.client.MockRestServiceServerResetTestExecutionListener, org.springframework.boot.test.autoconfigure.web.servlet.MockMvcPrintOnlyOnFailureTestExecutionListener, org.springframework.boot.test.autoconfigure.web.servlet.WebDriverTestExecutionListener, org.springframework.boot.test.mock.mockito.MockitoTestExecutionListener, org.springframework.boot.test.mock.mockito.ResetMocksTestExecutionListener, org.springframework.test.context.web.ServletTestExecutionListener, org.springframework.test.context.support.DirtiesContextBeforeModesTestExecutionListener, org.springframework.test.context.support.DependencyInjectionTestExecutionListener, org.springframework.test.context.support.DirtiesContextTestExecutionListener, org.springframework.test.context.transaction.TransactionalTestExecutionListener, org.springframework.test.context.jdbc.SqlScriptsTestExecutionListener]
2022-06-12 14:38:08.792  INFO 39688 --- [    Test worker] .b.t.c.SpringBootTestContextBootstrapper : Using TestExecutionListeners: [org.springframework.test.context.web.ServletTestExecutionListener@216de0f8, org.springframework.test.context.support.DirtiesContextBeforeModesTestExecutionListener@29ab4bde, org.springframework.boot.test.mock.mockito.MockitoTestExecutionListener@2ccffbf5, org.springframework.boot.test.autoconfigure.SpringBootDependencyInjectionTestExecutionListener@391c4677, org.springframework.test.context.support.DirtiesContextTestExecutionListener@77381b8c, org.springframework.test.context.transaction.TransactionalTestExecutionListener@43e4b0e, org.springframework.test.context.jdbc.SqlScriptsTestExecutionListener@577d082f, org.springframework.security.test.context.support.WithSecurityContextTestExecutionListener@c09d349, org.springframework.security.test.context.support.ReactorContextTestExecutionListener@3bda4d3f, org.springframework.boot.test.autoconfigure.restdocs.RestDocsTestExecutionListener@4d4a1771, org.springframework.boot.test.autoconfigure.web.client.MockRestServiceServerResetTestExecutionListener@72c94287, org.springframework.boot.test.autoconfigure.web.servlet.MockMvcPrintOnlyOnFailureTestExecutionListener@3018440c, org.springframework.boot.test.autoconfigure.web.servlet.WebDriverTestExecutionListener@59424485, org.springframework.boot.test.mock.mockito.ResetMocksTestExecutionListener@442e3143]
]]></system-out>
  <system-err><![CDATA[]]></system-err>
</testsuite>
