<?xml version="1.0" encoding="UTF-8"?>
<testsuite name="com.jojoldu.book.springboot.web.HelloControllerTest" tests="2" skipped="0" failures="0" errors="0" timestamp="2022-06-16T00:46:48" hostname="LAPTOP-1H6G6KI2" time="0.164">
  <properties/>
  <testcase name="hello가_리턴된다" classname="com.jojoldu.book.springboot.web.HelloControllerTest" time="0.073"/>
  <testcase name="helloDto가_리턴된다" classname="com.jojoldu.book.springboot.web.HelloControllerTest" time="0.09"/>
  <system-out><![CDATA[2022-06-16 09:46:47.562  INFO 24740 --- [    Test worker] .b.t.a.w.s.WebMvcTestContextBootstrapper : Neither @ContextConfiguration nor @ContextHierarchy found for test class [com.jojoldu.book.springboot.web.HelloControllerTest], using SpringBootContextLoader
2022-06-16 09:46:47.564  INFO 24740 --- [    Test worker] o.s.t.c.support.AbstractContextLoader    : Could not detect default resource locations for test class [com.jojoldu.book.springboot.web.HelloControllerTest]: no resource found for suffixes {-context.xml, Context.groovy}.
2022-06-16 09:46:47.564  INFO 24740 --- [    Test worker] t.c.s.AnnotationConfigContextLoaderUtils : Could not detect default configuration classes for test class [com.jojoldu.book.springboot.web.HelloControllerTest]: HelloControllerTest does not declare any static, non-private, non-final, nested classes annotated with @Configuration.
2022-06-16 09:46:47.597  INFO 24740 --- [    Test worker] .b.t.c.SpringBootTestContextBootstrapper : Found @SpringBootConfiguration com.jojoldu.book.springboot.Application for test class com.jojoldu.book.springboot.web.HelloControllerTest
2022-06-16 09:46:47.598  INFO 24740 --- [    Test worker] .b.t.a.w.s.WebMvcTestContextBootstrapper : Loaded default TestExecutionListener class names from location [META-INF/spring.factories]: [org.springframework.security.test.context.support.WithSecurityContextTestExecutionListener, org.springframework.security.test.context.support.ReactorContextTestExecutionListener, org.springframework.boot.test.autoconfigure.restdocs.RestDocsTestExecutionListener, org.springframework.boot.test.autoconfigure.web.client.MockRestServiceServerResetTestExecutionListener, org.springframework.boot.test.autoconfigure.web.servlet.MockMvcPrintOnlyOnFailureTestExecutionListener, org.springframework.boot.test.autoconfigure.web.servlet.WebDriverTestExecutionListener, org.springframework.boot.test.mock.mockito.MockitoTestExecutionListener, org.springframework.boot.test.mock.mockito.ResetMocksTestExecutionListener, org.springframework.test.context.web.ServletTestExecutionListener, org.springframework.test.context.support.DirtiesContextBeforeModesTestExecutionListener, org.springframework.test.context.support.DependencyInjectionTestExecutionListener, org.springframework.test.context.support.DirtiesContextTestExecutionListener, org.springframework.test.context.transaction.TransactionalTestExecutionListener, org.springframework.test.context.jdbc.SqlScriptsTestExecutionListener]
2022-06-16 09:46:47.599  INFO 24740 --- [    Test worker] .b.t.a.w.s.WebMvcTestContextBootstrapper : Using TestExecutionListeners: [org.springframework.test.context.web.ServletTestExecutionListener@182c8ff4, org.springframework.test.context.support.DirtiesContextBeforeModesTestExecutionListener@10c6063e, org.springframework.boot.test.mock.mockito.MockitoTestExecutionListener@598d6530, org.springframework.boot.test.autoconfigure.SpringBootDependencyInjectionTestExecutionListener@67cdd32f, org.springframework.test.context.support.DirtiesContextTestExecutionListener@1be2a30d, org.springframework.test.context.transaction.TransactionalTestExecutionListener@3b35a1b9, org.springframework.test.context.jdbc.SqlScriptsTestExecutionListener@923e70a, org.springframework.security.test.context.support.WithSecurityContextTestExecutionListener@7e09aa, org.springframework.security.test.context.support.ReactorContextTestExecutionListener@e8a2863, org.springframework.boot.test.autoconfigure.restdocs.RestDocsTestExecutionListener@18246862, org.springframework.boot.test.autoconfigure.web.client.MockRestServiceServerResetTestExecutionListener@ea9c7db, org.springframework.boot.test.autoconfigure.web.servlet.MockMvcPrintOnlyOnFailureTestExecutionListener@7eeabcfd, org.springframework.boot.test.autoconfigure.web.servlet.WebDriverTestExecutionListener@21fc5a73, org.springframework.boot.test.mock.mockito.ResetMocksTestExecutionListener@1aa04156]

  .   ____          _            __ _ _
 /\\ / ___'_ __ _ _(_)_ __  __ _ \ \ \ \
( ( )\___ | '_ | '_| | '_ \/ _` | \ \ \ \
 \\/  ___)| |_)| | | | | || (_| |  ) ) ) )
  '  |____| .__|_| |_|_| |_\__, | / / / /
 =========|_|==============|___/=/_/_/_/
 :: Spring Boot ::        (v2.1.9.RELEASE)

2022-06-16 09:46:47.637  INFO 24740 --- [    Test worker] c.j.b.s.web.HelloControllerTest          : Starting HelloControllerTest on LAPTOP-1H6G6KI2 with PID 24740 (started by yh in C:\Users\yh\workspace\freelec-springboot2-webservice)
2022-06-16 09:46:47.638  INFO 24740 --- [    Test worker] c.j.b.s.web.HelloControllerTest          : No active profile set, falling back to default profiles: default
2022-06-16 09:46:48.211  INFO 24740 --- [    Test worker] o.s.s.concurrent.ThreadPoolTaskExecutor  : Initializing ExecutorService 'applicationTaskExecutor'
2022-06-16 09:46:48.243  INFO 24740 --- [    Test worker] o.s.b.a.w.s.WelcomePageHandlerMapping    : Adding welcome page template: index
2022-06-16 09:46:48.455  INFO 24740 --- [    Test worker] .s.s.UserDetailsServiceAutoConfiguration : 

Using generated security password: c98a294c-0164-4d3e-8d9c-99b49b45d06a

2022-06-16 09:46:48.607  INFO 24740 --- [    Test worker] o.s.s.web.DefaultSecurityFilterChain     : Creating filter chain: any request, [org.springframework.security.web.context.request.async.WebAsyncManagerIntegrationFilter@1db1300d, org.springframework.security.web.context.SecurityContextPersistenceFilter@1b8a65be, org.springframework.security.web.header.HeaderWriterFilter@6a04efaa, org.springframework.security.web.csrf.CsrfFilter@42395923, org.springframework.security.web.authentication.logout.LogoutFilter@626c59cc, org.springframework.security.web.authentication.UsernamePasswordAuthenticationFilter@29624f21, org.springframework.security.web.authentication.ui.DefaultLoginPageGeneratingFilter@2c583c19, org.springframework.security.web.authentication.ui.DefaultLogoutPageGeneratingFilter@5952f26, org.springframework.security.web.authentication.www.BasicAuthenticationFilter@34bea948, org.springframework.security.web.savedrequest.RequestCacheAwareFilter@610c0031, org.springframework.security.web.servletapi.SecurityContextHolderAwareRequestFilter@2cb8da05, org.springframework.security.web.authentication.AnonymousAuthenticationFilter@44a02235, org.springframework.security.web.session.SessionManagementFilter@62fc4388, org.springframework.security.web.access.ExceptionTranslationFilter@3af2a74, org.springframework.security.web.access.intercept.FilterSecurityInterceptor@4036cef8]
2022-06-16 09:46:48.649  INFO 24740 --- [    Test worker] o.s.b.t.m.w.SpringBootMockServletContext : Initializing Spring TestDispatcherServlet ''
2022-06-16 09:46:48.650  INFO 24740 --- [    Test worker] o.s.t.web.servlet.TestDispatcherServlet  : Initializing Servlet ''
2022-06-16 09:46:48.666  INFO 24740 --- [    Test worker] o.s.t.web.servlet.TestDispatcherServlet  : Completed initialization in 16 ms
2022-06-16 09:46:48.695  INFO 24740 --- [    Test worker] c.j.b.s.web.HelloControllerTest          : Started HelloControllerTest in 1.092 seconds (JVM running for 9.704)
]]></system-out>
  <system-err><![CDATA[]]></system-err>
</testsuite>
