<?xml version="1.0" encoding="UTF-8"?>
<testsuite name="com.jojoldu.book.springboot.web.ProfileControllerTest" tests="1" skipped="0" failures="0" errors="0" timestamp="2022-06-16T00:46:51" hostname="LAPTOP-1H6G6KI2" time="0.021">
  <properties/>
  <testcase name="profile은_인증없이_호출된다" classname="com.jojoldu.book.springboot.web.ProfileControllerTest" time="0.021"/>
  <system-out><![CDATA[2022-06-16 09:46:51.439  INFO 24740 --- [    Test worker] .b.t.c.SpringBootTestContextBootstrapper : Neither @ContextConfiguration nor @ContextHierarchy found for test class [com.jojoldu.book.springboot.web.ProfileControllerTest], using SpringBootContextLoader
2022-06-16 09:46:51.440  INFO 24740 --- [    Test worker] o.s.t.c.support.AbstractContextLoader    : Could not detect default resource locations for test class [com.jojoldu.book.springboot.web.ProfileControllerTest]: no resource found for suffixes {-context.xml, Context.groovy}.
2022-06-16 09:46:51.440  INFO 24740 --- [    Test worker] t.c.s.AnnotationConfigContextLoaderUtils : Could not detect default configuration classes for test class [com.jojoldu.book.springboot.web.ProfileControllerTest]: ProfileControllerTest does not declare any static, non-private, non-final, nested classes annotated with @Configuration.
2022-06-16 09:46:51.443  INFO 24740 --- [    Test worker] .b.t.c.SpringBootTestContextBootstrapper : Found @SpringBootConfiguration com.jojoldu.book.springboot.Application for test class com.jojoldu.book.springboot.web.ProfileControllerTest
2022-06-16 09:46:51.445  INFO 24740 --- [    Test worker] .b.t.c.SpringBootTestContextBootstrapper : Loaded default TestExecutionListener class names from location [META-INF/spring.factories]: [org.springframework.security.test.context.support.WithSecurityContextTestExecutionListener, org.springframework.security.test.context.support.ReactorContextTestExecutionListener, org.springframework.boot.test.autoconfigure.restdocs.RestDocsTestExecutionListener, org.springframework.boot.test.autoconfigure.web.client.MockRestServiceServerResetTestExecutionListener, org.springframework.boot.test.autoconfigure.web.servlet.MockMvcPrintOnlyOnFailureTestExecutionListener, org.springframework.boot.test.autoconfigure.web.servlet.WebDriverTestExecutionListener, org.springframework.boot.test.mock.mockito.MockitoTestExecutionListener, org.springframework.boot.test.mock.mockito.ResetMocksTestExecutionListener, org.springframework.test.context.web.ServletTestExecutionListener, org.springframework.test.context.support.DirtiesContextBeforeModesTestExecutionListener, org.springframework.test.context.support.DependencyInjectionTestExecutionListener, org.springframework.test.context.support.DirtiesContextTestExecutionListener, org.springframework.test.context.transaction.TransactionalTestExecutionListener, org.springframework.test.context.jdbc.SqlScriptsTestExecutionListener]
2022-06-16 09:46:51.446  INFO 24740 --- [    Test worker] .b.t.c.SpringBootTestContextBootstrapper : Using TestExecutionListeners: [org.springframework.test.context.web.ServletTestExecutionListener@71d8aaef, org.springframework.test.context.support.DirtiesContextBeforeModesTestExecutionListener@53e80d41, org.springframework.boot.test.mock.mockito.MockitoTestExecutionListener@460755d8, org.springframework.boot.test.autoconfigure.SpringBootDependencyInjectionTestExecutionListener@4d02c13a, org.springframework.test.context.support.DirtiesContextTestExecutionListener@793985a7, org.springframework.test.context.transaction.TransactionalTestExecutionListener@6a280dc4, org.springframework.test.context.jdbc.SqlScriptsTestExecutionListener@16fd2ccc, org.springframework.security.test.context.support.WithSecurityContextTestExecutionListener@4d2d2438, org.springframework.security.test.context.support.ReactorContextTestExecutionListener@788c8487, org.springframework.boot.test.autoconfigure.restdocs.RestDocsTestExecutionListener@5260f07f, org.springframework.boot.test.autoconfigure.web.client.MockRestServiceServerResetTestExecutionListener@2d842db3, org.springframework.boot.test.autoconfigure.web.servlet.MockMvcPrintOnlyOnFailureTestExecutionListener@9acc0df, org.springframework.boot.test.autoconfigure.web.servlet.WebDriverTestExecutionListener@1598d5d1, org.springframework.boot.test.mock.mockito.ResetMocksTestExecutionListener@402e2c15]
]]></system-out>
  <system-err><![CDATA[]]></system-err>
</testsuite>
