<?xml version="1.0" encoding="UTF-8"?>
<testsuite name="com.jojoldu.book.springboot.web.IndexControllerTest" tests="1" skipped="0" failures="0" errors="0" timestamp="2022-06-12T05:38:08" hostname="LAPTOP-1H6G6KI2" time="0.242">
  <properties/>
  <testcase name="메인페이지_로딩" classname="com.jojoldu.book.springboot.web.IndexControllerTest" time="0.242"/>
  <system-out><![CDATA[2022-06-12 14:38:06.107  INFO 39688 --- [    Test worker] .b.t.c.SpringBootTestContextBootstrapper : Neither @ContextConfiguration nor @ContextHierarchy found for test class [com.jojoldu.book.springboot.web.IndexControllerTest], using SpringBootContextLoader
2022-06-12 14:38:06.109  INFO 39688 --- [    Test worker] o.s.t.c.support.AbstractContextLoader    : Could not detect default resource locations for test class [com.jojoldu.book.springboot.web.IndexControllerTest]: no resource found for suffixes {-context.xml, Context.groovy}.
2022-06-12 14:38:06.109  INFO 39688 --- [    Test worker] t.c.s.AnnotationConfigContextLoaderUtils : Could not detect default configuration classes for test class [com.jojoldu.book.springboot.web.IndexControllerTest]: IndexControllerTest does not declare any static, non-private, non-final, nested classes annotated with @Configuration.
2022-06-12 14:38:06.111  INFO 39688 --- [    Test worker] .b.t.c.SpringBootTestContextBootstrapper : Found @SpringBootConfiguration com.jojoldu.book.springboot.Application for test class com.jojoldu.book.springboot.web.IndexControllerTest
2022-06-12 14:38:06.112  INFO 39688 --- [    Test worker] .b.t.c.SpringBootTestContextBootstrapper : Loaded default TestExecutionListener class names from location [META-INF/spring.factories]: [org.springframework.security.test.context.support.WithSecurityContextTestExecutionListener, org.springframework.security.test.context.support.ReactorContextTestExecutionListener, org.springframework.boot.test.autoconfigure.restdocs.RestDocsTestExecutionListener, org.springframework.boot.test.autoconfigure.web.client.MockRestServiceServerResetTestExecutionListener, org.springframework.boot.test.autoconfigure.web.servlet.MockMvcPrintOnlyOnFailureTestExecutionListener, org.springframework.boot.test.autoconfigure.web.servlet.WebDriverTestExecutionListener, org.springframework.boot.test.mock.mockito.MockitoTestExecutionListener, org.springframework.boot.test.mock.mockito.ResetMocksTestExecutionListener, org.springframework.test.context.web.ServletTestExecutionListener, org.springframework.test.context.support.DirtiesContextBeforeModesTestExecutionListener, org.springframework.test.context.support.DependencyInjectionTestExecutionListener, org.springframework.test.context.support.DirtiesContextTestExecutionListener, org.springframework.test.context.transaction.TransactionalTestExecutionListener, org.springframework.test.context.jdbc.SqlScriptsTestExecutionListener]
2022-06-12 14:38:06.113  INFO 39688 --- [    Test worker] .b.t.c.SpringBootTestContextBootstrapper : Using TestExecutionListeners: [org.springframework.test.context.web.ServletTestExecutionListener@26ede683, org.springframework.test.context.support.DirtiesContextBeforeModesTestExecutionListener@68f5544, org.springframework.boot.test.mock.mockito.MockitoTestExecutionListener@1e146776, org.springframework.boot.test.autoconfigure.SpringBootDependencyInjectionTestExecutionListener@6e3fb7d6, org.springframework.test.context.support.DirtiesContextTestExecutionListener@272f9d6c, org.springframework.test.context.transaction.TransactionalTestExecutionListener@5b76d9b8, org.springframework.test.context.jdbc.SqlScriptsTestExecutionListener@66e43a77, org.springframework.security.test.context.support.WithSecurityContextTestExecutionListener@75f6b07a, org.springframework.security.test.context.support.ReactorContextTestExecutionListener@2ee99755, org.springframework.boot.test.autoconfigure.restdocs.RestDocsTestExecutionListener@433f3029, org.springframework.boot.test.autoconfigure.web.client.MockRestServiceServerResetTestExecutionListener@44f8dbb, org.springframework.boot.test.autoconfigure.web.servlet.MockMvcPrintOnlyOnFailureTestExecutionListener@447a9828, org.springframework.boot.test.autoconfigure.web.servlet.WebDriverTestExecutionListener@264bfccd, org.springframework.boot.test.mock.mockito.ResetMocksTestExecutionListener@1c4f3e55]

  .   ____          _            __ _ _
 /\\ / ___'_ __ _ _(_)_ __  __ _ \ \ \ \
( ( )\___ | '_ | '_| | '_ \/ _` | \ \ \ \
 \\/  ___)| |_)| | | | | || (_| |  ) ) ) )
  '  |____| .__|_| |_|_| |_\__, | / / / /
 =========|_|==============|___/=/_/_/_/
 :: Spring Boot ::        (v2.1.9.RELEASE)

2022-06-12 14:38:06.150  INFO 39688 --- [    Test worker] c.j.b.s.web.IndexControllerTest          : Starting IndexControllerTest on LAPTOP-1H6G6KI2 with PID 39688 (started by yh in C:\Users\yh\workspace\freelec-springboot2-webservice)
2022-06-12 14:38:06.151  INFO 39688 --- [    Test worker] c.j.b.s.web.IndexControllerTest          : No active profile set, falling back to default profiles: default
2022-06-12 14:38:06.389  INFO 39688 --- [    Test worker] .s.d.r.c.RepositoryConfigurationDelegate : Bootstrapping Spring Data repositories in DEFAULT mode.
2022-06-12 14:38:06.412  INFO 39688 --- [    Test worker] .s.d.r.c.RepositoryConfigurationDelegate : Finished Spring Data repository scanning in 23ms. Found 2 repository interfaces.
2022-06-12 14:38:06.499  INFO 39688 --- [    Test worker] trationDelegate$BeanPostProcessorChecker : Bean 'org.springframework.transaction.annotation.ProxyTransactionManagementConfiguration' of type [org.springframework.transaction.annotation.ProxyTransactionManagementConfiguration$$EnhancerBySpringCGLIB$$474a0fe] is not eligible for getting processed by all BeanPostProcessors (for example: not eligible for auto-proxying)
2022-06-12 14:38:06.805  INFO 39688 --- [    Test worker] o.s.b.w.embedded.tomcat.TomcatWebServer  : Tomcat initialized with port(s): 0 (http)
2022-06-12 14:38:06.849  INFO 39688 --- [    Test worker] o.apache.catalina.core.StandardService   : Starting service [Tomcat]
2022-06-12 14:38:06.850  INFO 39688 --- [    Test worker] org.apache.catalina.core.StandardEngine  : Starting Servlet engine: [Apache Tomcat/9.0.26]
2022-06-12 14:38:07.084  INFO 39688 --- [    Test worker] o.a.c.c.C.[Tomcat].[localhost].[/]       : Initializing Spring embedded WebApplicationContext
2022-06-12 14:38:07.085  INFO 39688 --- [    Test worker] o.s.web.context.ContextLoader            : Root WebApplicationContext: initialization completed in 932 ms
2022-06-12 14:38:07.270  INFO 39688 --- [    Test worker] com.zaxxer.hikari.HikariDataSource       : HikariPool-2 - Starting...
2022-06-12 14:38:07.272  INFO 39688 --- [    Test worker] com.zaxxer.hikari.HikariDataSource       : HikariPool-2 - Start completed.
2022-06-12 14:38:07.314  INFO 39688 --- [    Test worker] o.hibernate.jpa.internal.util.LogHelper  : HHH000204: Processing PersistenceUnitInfo [
	name: default
	...]
2022-06-12 14:38:07.326  INFO 39688 --- [    Test worker] org.hibernate.dialect.Dialect            : HHH000400: Using dialect: org.hibernate.dialect.MySQL5InnoDBDialect
Hibernate: drop table if exists posts
Hibernate: drop table if exists user
Hibernate: create table posts (id bigint not null auto_increment, created_date datetime, modified_date datetime, author varchar(255), content TEXT not null, title varchar(500) not null, primary key (id)) engine=InnoDB
Hibernate: create table user (id bigint not null auto_increment, created_date datetime, modified_date datetime, email varchar(255) not null, name varchar(255) not null, picture varchar(255), role varchar(255) not null, primary key (id)) engine=InnoDB
2022-06-12 14:38:07.396  INFO 39688 --- [    Test worker] o.h.t.schema.internal.SchemaCreatorImpl  : HHH000476: Executing import script 'org.hibernate.tool.schema.internal.exec.ScriptSourceInputNonExistentImpl@7972ce87'
2022-06-12 14:38:07.396  INFO 39688 --- [    Test worker] j.LocalContainerEntityManagerFactoryBean : Initialized JPA EntityManagerFactory for persistence unit 'default'
2022-06-12 14:38:07.730  INFO 39688 --- [    Test worker] o.h.h.i.QueryTranslatorFactoryInitiator  : HHH000397: Using ASTQueryTranslatorFactory
2022-06-12 14:38:07.891  INFO 39688 --- [    Test worker] o.s.s.web.DefaultSecurityFilterChain     : Creating filter chain: any request, [org.springframework.security.web.context.request.async.WebAsyncManagerIntegrationFilter@6b058d1e, org.springframework.security.web.context.SecurityContextPersistenceFilter@299f6bfe, org.springframework.security.web.header.HeaderWriterFilter@218aa153, org.springframework.security.web.authentication.logout.LogoutFilter@6411a815, org.springframework.security.oauth2.client.web.OAuth2AuthorizationRequestRedirectFilter@3e72e1e7, org.springframework.security.oauth2.client.web.OAuth2LoginAuthenticationFilter@7162daab, org.springframework.security.web.authentication.ui.DefaultLoginPageGeneratingFilter@3603f5b0, org.springframework.security.web.authentication.ui.DefaultLogoutPageGeneratingFilter@5a7eefb7, org.springframework.security.web.savedrequest.RequestCacheAwareFilter@660f9a7a, org.springframework.security.web.servletapi.SecurityContextHolderAwareRequestFilter@12fb3fd1, org.springframework.security.web.authentication.AnonymousAuthenticationFilter@732a40c6, org.springframework.security.web.session.SessionManagementFilter@6ef954ba, org.springframework.security.web.access.ExceptionTranslationFilter@75074b1c, org.springframework.security.web.access.intercept.FilterSecurityInterceptor@3b61557c]
2022-06-12 14:38:08.095  INFO 39688 --- [    Test worker] o.s.s.concurrent.ThreadPoolTaskExecutor  : Initializing ExecutorService 'applicationTaskExecutor'
2022-06-12 14:38:08.110  WARN 39688 --- [    Test worker] aWebConfiguration$JpaWebMvcConfiguration : spring.jpa.open-in-view is enabled by default. Therefore, database queries may be performed during view rendering. Explicitly configure spring.jpa.open-in-view to disable this warning
2022-06-12 14:38:08.144  INFO 39688 --- [    Test worker] o.s.b.a.w.s.WelcomePageHandlerMapping    : Adding welcome page template: index
2022-06-12 14:38:08.395  INFO 39688 --- [    Test worker] s.a.ScheduledAnnotationBeanPostProcessor : No TaskScheduler/ScheduledExecutorService bean found for scheduled processing
2022-06-12 14:38:08.418  INFO 39688 --- [    Test worker] o.s.b.w.embedded.tomcat.TomcatWebServer  : Tomcat started on port(s): 54291 (http) with context path ''
2022-06-12 14:38:08.419  INFO 39688 --- [    Test worker] c.j.b.s.web.IndexControllerTest          : Started IndexControllerTest in 2.305 seconds (JVM running for 12.75)
2022-06-12 14:38:08.542  INFO 39688 --- [o-auto-1-exec-1] o.a.c.c.C.[Tomcat].[localhost].[/]       : Initializing Spring DispatcherServlet 'dispatcherServlet'
2022-06-12 14:38:08.543  INFO 39688 --- [o-auto-1-exec-1] o.s.web.servlet.DispatcherServlet        : Initializing Servlet 'dispatcherServlet'
2022-06-12 14:38:08.565  INFO 39688 --- [o-auto-1-exec-1] o.s.web.servlet.DispatcherServlet        : Completed initialization in 22 ms
Hibernate: select posts0_.id as id1_0_, posts0_.created_date as created_2_0_, posts0_.modified_date as modified3_0_, posts0_.author as author4_0_, posts0_.content as content5_0_, posts0_.title as title6_0_ from posts posts0_ order by posts0_.id DESC
]]></system-out>
  <system-err><![CDATA[]]></system-err>
</testsuite>
